  window.cpp
c:\users\nando\documents\boost_1_63_0\boost\bind\bind.hpp(75): error C2825: 'F': must be a class or namespace when followed by '::'
  c:\users\nando\documents\boost_1_63_0\boost\bind\bind.hpp(1284): note: see reference to class template instantiation 'boost::_bi::result_traits<R,F>' being compiled
          with
          [
              R=boost::_bi::unspecified,
              F=void (__thiscall Window::* )(void)
          ]
  c:\users\nando\source\repos\boost_signals\signals\window\window.cpp(28): note: see reference to class template instantiation 'boost::_bi::bind_t<boost::_bi::unspecified,void (__thiscall Window::* )(void),boost::_bi::list2<boost::_bi::value<T>,boost::arg<1>>>' being compiled
          with
          [
              T=Window *
          ]
  c:\users\nando\documents\boost_1_63_0\boost\bind\placeholders.hpp(54): note: see reference to class template instantiation 'boost::arg<9>' being compiled
  c:\users\nando\documents\boost_1_63_0\boost\bind\placeholders.hpp(53): note: see reference to class template instantiation 'boost::arg<8>' being compiled
  c:\users\nando\documents\boost_1_63_0\boost\bind\placeholders.hpp(52): note: see reference to class template instantiation 'boost::arg<7>' being compiled
  c:\users\nando\documents\boost_1_63_0\boost\bind\placeholders.hpp(51): note: see reference to class template instantiation 'boost::arg<6>' being compiled
  c:\users\nando\documents\boost_1_63_0\boost\bind\placeholders.hpp(50): note: see reference to class template instantiation 'boost::arg<5>' being compiled
  c:\users\nando\documents\boost_1_63_0\boost\bind\placeholders.hpp(49): note: see reference to class template instantiation 'boost::arg<4>' being compiled
  c:\users\nando\documents\boost_1_63_0\boost\bind\placeholders.hpp(48): note: see reference to class template instantiation 'boost::arg<3>' being compiled
  c:\users\nando\documents\boost_1_63_0\boost\bind\placeholders.hpp(47): note: see reference to class template instantiation 'boost::arg<2>' being compiled
  c:\users\nando\documents\boost_1_63_0\boost\bind\placeholders.hpp(46): note: see reference to class template instantiation 'boost::arg<1>' being compiled
c:\users\nando\documents\boost_1_63_0\boost\bind\bind.hpp(75): error C2510: 'F': left of '::' must be a class/struct/union
c:\users\nando\documents\boost_1_63_0\boost\bind\bind.hpp(75): error C3646: 'type': unknown override specifier
c:\users\nando\documents\boost_1_63_0\boost\bind\bind.hpp(75): error C4430: missing type specifier - int assumed. Note: C++ does not support default-int
c:\users\nando\documents\boost_1_63_0\boost\bind\bind.hpp(1284): error C2039: 'type': is not a member of 'boost::_bi::result_traits<R,F>'
          with
          [
              R=boost::_bi::unspecified,
              F=void (__thiscall Window::* )(void)
          ]
  c:\users\nando\documents\boost_1_63_0\boost\bind\bind.hpp(1284): note: see declaration of 'boost::_bi::result_traits<R,F>'
          with
          [
              R=boost::_bi::unspecified,
              F=void (__thiscall Window::* )(void)
          ]
c:\users\nando\documents\boost_1_63_0\boost\bind\bind.hpp(1284): error C2039: 'type': is not a member of 'boost::_bi::result_traits<R,F>'
          with
          [
              R=boost::_bi::unspecified,
              F=void (__thiscall List::* )(void)
          ]
  c:\users\nando\documents\boost_1_63_0\boost\bind\bind.hpp(1284): note: see declaration of 'boost::_bi::result_traits<R,F>'
          with
          [
              R=boost::_bi::unspecified,
              F=void (__thiscall List::* )(void)
          ]
